[VSP_CI_OUTER] REPO_ROOT  = /home/test/Data/SECURITY-10-10-v4
[VSP_CI_OUTER] SCRIPT_DIR = /home/test/Data/SECURITY-10-10-v4/ci/VSP_CI_OUTER
[VSP_CI_OUTER] BUNDLE_ROOT= /home/test/Data
[VSP_CI_OUTER] SRC_ROOT   = /home/test/Data/SECURITY-10-10-v4
[VSP_CI_OUTER_RUNNERLOG_V1] runner_log=/home/test/Data/SECURITY-10-10-v4/out_ci/VSP_CI_20251214_081350/runner.log
[VSP_CI_OUTER] RUN_ID     = VSP_CI_20251214_081350
[VSP_CI_OUTER] RUN_DIR    = /home/test/Data/SECURITY-10-10-v4/out_ci/VSP_CI_20251214_081350
[VSP_CI_OUTER] === VSP CI OUTER BẮT ĐẦU ===
[VSP_CI_OUTER] Gọi gate core: /home/test/Data/SECURITY-10-10-v4/ci/VSP_CI_OUTER/vsp_ci_gate_core_v1.sh
[VSP_CI_GATE] BUNDLE_ROOT = /home/test/Data
[VSP_CI_GATE] SRC_ROOT    = /home/test/Data/SECURITY-10-10-v4
[VSP_CI_GATE] RUN_DIR     = /home/test/Data/SECURITY-10-10-v4/out_ci/VSP_CI_20251214_081350
[VSP_CI_GATE] RUN_ID      = VSP_CI_20251214_081350
[VSP_CI_GATE_AUTOPICK_RUNNER_V1] RUNNER=/home/test/Data/SECURITY_BUNDLE/bin/run_all_tools_v2.sh
[VSP_CI_GATE] RUNNER      = /home/test/Data/SECURITY_BUNDLE/bin/run_all_tools_v2.sh
[VSP_CI_GATE] === CHẠY RUNNER VSP (FULL SCAN) ===
[VSP_CI_GATE] Cmd: /home/test/Data/SECURITY_BUNDLE/bin/run_all_tools_v2.sh "/home/test/Data/SECURITY-10-10-v4" "/home/test/Data/SECURITY-10-10-v4/out_ci/VSP_CI_20251214_081350"
===== [BOOT] runner.log=/home/test/Data/SECURITY-10-10-v4/out_ci/VSP_CI_20251214_081350/runner.log ts=2025-12-14T08:13:50+07:00 =====
==============================================
[VSP] RUN ALL TOOLS V2 – PROFILE=FULL_EXT LEVEL=FULL_EXT
ROOT     = /home/test/Data/SECURITY_BUNDLE
SRC      = /home/test/Data/SECURITY-10-10-v4
OUT_DIR  = /home/test/Data/SECURITY-10-10-v4/out_ci/VSP_CI_20251214_081350
NO_NET   = 0
==============================================

===== [3/8] KICS (EXT) =====
[KICS_V3] SRC=/home/test/Data/SECURITY-10-10-v4
[KICS_V3] OUT_DIR=/home/test/Data/SECURITY-10-10-v4/out_ci/VSP_CI_20251214_081350
[KICS_V3] OUT_KICS=/home/test/Data/SECURITY-10-10-v4/out_ci/VSP_CI_20251214_081350/kics
[KICS_V3] TIMEOUT=15s KILL=30s
[KICS_V3] EXCL_MODE=list
[KICS_V3] CMD: kics scan -p /home/test/Data/SECURITY-10-10-v4 -o /home/test/Data/SECURITY-10-10-v4/out_ci/VSP_CI_20251214_081350/kics --report-formats json --no-color --exclude-paths /home/test/Data/SECURITY-10-10-v4/out_ci,/home/test/Data/SECURITY-10-10-v4/out_ci/VSP_CI_20251214_081350,/home/test/Data/SECURITY-10-10-v4/out_ci/VSP_CI_20251214_081350/kics,/home/test/Data/SECURITY-10-10-v4/.git,/home/test/Data/SECURITY-10-10-v4/node_modules
[VSP][DEGRADED] KICS timeout rc=124 after 15s
[KICS] rc=0

===== [1/8] Gitleaks (EXT) =====
[Gitleaks] ROOT    = /home/test/Data/SECURITY_BUNDLE
[Gitleaks] OUT_DIR = /home/test/Data/SECURITY-10-10-v4/out_ci/VSP_CI_20251214_081350
[Gitleaks] SRC     = /home/test/Data/SECURITY-10-10-v4
[Gitleaks] PROFILE = ext
[Gitleaks] MODE    = BUILTIN_RULES
[Gitleaks] JSON    = /home/test/Data/SECURITY-10-10-v4/out_ci/VSP_CI_20251214_081350/gitleaks/gitleaks.json
[Gitleaks] LOG     = /home/test/Data/SECURITY-10-10-v4/out_ci/VSP_CI_20251214_081350/gitleaks/gitleaks.log
