[VSP_CI_OUTER] REPO_ROOT  = /home/test/Data/SECURITY-10-10-v4
[VSP_CI_OUTER] SCRIPT_DIR = /home/test/Data/SECURITY-10-10-v4/ci/VSP_CI_OUTER
[VSP_CI_OUTER] BUNDLE_ROOT= /home/test/Data
[VSP_CI_OUTER] SRC_ROOT   = /home/test/Data/SECURITY-10-10-v4
[VSP_CI_OUTER_RUNNERLOG_V1] runner_log=/home/test/Data/SECURITY-10-10-v4/out_ci/VSP_CI_20251220_222348/runner.log
[VSP_CI_OUTER] RUN_ID     = VSP_CI_20251220_222348
[VSP_CI_OUTER] RUN_DIR    = /home/test/Data/SECURITY-10-10-v4/out_ci/VSP_CI_20251220_222348
[VSP_CI_OUTER] === VSP CI OUTER BẮT ĐẦU ===
[VSP_CI_OUTER] Gọi gate core: /home/test/Data/SECURITY-10-10-v4/ci/VSP_CI_OUTER/vsp_ci_gate_core_v1.sh
[P1][GATE] build: /home/test/Data/SECURITY_BUNDLE/bin/vsp_run_gate_build_v1.py /home/test/Data/SECURITY-10-10-v4/out_ci/VSP_CI_20251220_222348
[RUN_GATE][OK] overall=GREEN tools=[]
[VSP_CI_GATE] BUNDLE_ROOT = /home/test/Data
[VSP_CI_GATE] SRC_ROOT    = /home/test/Data/SECURITY-10-10-v4
[VSP_CI_GATE] RUN_DIR     = /home/test/Data/SECURITY-10-10-v4/out_ci/VSP_CI_20251220_222348
[VSP_CI_GATE] RUN_ID      = VSP_CI_20251220_222348
[VSP_CI_GATE_AUTOPICK_RUNNER_V1] RUNNER=/home/test/Data/SECURITY_BUNDLE/bin/run_all_tools_v2.sh
[VSP_CI_GATE] RUNNER      = /home/test/Data/SECURITY_BUNDLE/bin/run_all_tools_v2.sh
[VSP_CI_GATE] === CHẠY RUNNER VSP (FULL SCAN) ===
[VSP_CI_GATE] Cmd: /home/test/Data/SECURITY_BUNDLE/bin/run_all_tools_v2.sh "/home/test/Data/SECURITY-10-10-v4" "/home/test/Data/SECURITY-10-10-v4/out_ci/VSP_CI_20251220_222348"
===== [BOOT] runner.log=/home/test/Data/SECURITY-10-10-v4/out_ci/VSP_CI_20251220_222348/runner.log ts=2025-12-20T22:23:50+07:00 =====
==============================================
[VSP] RUN ALL TOOLS V2 – PROFILE=FULL_EXT LEVEL=FULL_EXT
ROOT     = /home/test/Data/SECURITY_BUNDLE
SRC      = /home/test/Data/SECURITY-10-10-v4
OUT_DIR  = /home/test/Data/SECURITY-10-10-v4/out_ci/VSP_CI_20251220_222348
NO_NET   = 0
==============================================

===== [3/8] KICS (EXT) =====
===== [KICS_V4] 2025-12-20T22:23:50+07:00 =====
[KICS_V4] ROOT=/home/test/Data/SECURITY_BUNDLE
[KICS_V4] SRC=/home/test/Data/SECURITY-10-10-v4
[KICS_V4] OUT_DIR=/home/test/Data/SECURITY-10-10-v4/out_ci/VSP_CI_20251220_222348
[KICS_V4] OUT_KICS=/home/test/Data/SECURITY-10-10-v4/out_ci/VSP_CI_20251220_222348/kics
[KICS_V4] TIMEOUT=1800s KILL=30s
[KICS_V4] MODE=docker image=checkmarx/kics:latest
[KICS_V4] docker mounts: SRC=/home/test/Data/SECURITY-10-10-v4->/path OUT=/home/test/Data/SECURITY-10-10-v4/out_ci/VSP_CI_20251220_222348/kics->/out
[KICS_V4] CMD: docker run --pull=never --rm -t --user 1000:1000 -v /home/test/Data/SECURITY-10-10-v4:/path -v /home/test/Data/SECURITY-10-10-v4/out_ci/VSP_CI_20251220_222348/kics:/out checkmarx/kics:latest scan -p /path -o /out --report-formats json --no-color --exclude-paths /out,/path/.git,/path/node_modules,/path/out_ci,/path/dist,/path/build,/path/target,/path/venv,/path/.venv,/path/__pycache__,/path/.cache,/path/.idea,/path/.vscode
[KICS_V4][DEGRADE] rc=40 reason=kics_failed
<stdin>:6: DeprecationWarning: datetime.datetime.utcnow() is deprecated and scheduled for removal in a future version. Use timezone-aware objects to represent datetimes in UTC: datetime.datetime.now(datetime.UTC).
[KICS_V4] wrote /home/test/Data/SECURITY-10-10-v4/out_ci/VSP_CI_20251220_222348/kics/kics_summary.json
<stdin>:9: DeprecationWarning: datetime.datetime.utcnow() is deprecated and scheduled for removal in a future version. Use timezone-aware objects to represent datetimes in UTC: datetime.datetime.now(datetime.UTC).
[KICS_V4] updated /home/test/Data/SECURITY-10-10-v4/out_ci/VSP_CI_20251220_222348/degraded_tools.json
<stdin>:42: DeprecationWarning: datetime.datetime.utcnow() is deprecated and scheduled for removal in a future version. Use timezone-aware objects to represent datetimes in UTC: datetime.datetime.now(datetime.UTC).
[KICS_TRAP] wrote /home/test/Data/SECURITY-10-10-v4/out_ci/VSP_CI_20251220_222348/kics/kics_summary.json total= 942 rc= 40
[GATE] SEMGREP => python3 /home/test/Data/SECURITY_BUNDLE/bin/vsp_semgrep_gate_apply_v1.py "/home/test/Data/SECURITY-10-10-v4/out_ci/VSP_CI_20251220_222348"
[SEMGREP_GATE][OK] verdict=GREEN total=0
[GATE] TRIVY => python3 /home/test/Data/SECURITY_BUNDLE/bin/vsp_trivy_gate_apply_v1.py "/home/test/Data/SECURITY-10-10-v4/out_ci/VSP_CI_20251220_222348"
[TRIVY_GATE][OK] verdict=GREEN total=0
[CODEQL] timeout=3600s out=/home/test/Data/SECURITY-10-10-v4/out_ci/VSP_CI_20251220_222348 src=/home/test/Data/SECURITY-10-10-v4
[CodeQL] SRC           = /home/test/Data/SECURITY-10-10-v4
[CodeQL] OUT_DIR       = /home/test/Data/SECURITY-10-10-v4/out_ci/VSP_CI_20251220_222348
[CodeQL] CODEQL_DB_ROOT= /home/test/Data/SECURITY-10-10-v4/_codeql_db
[CodeQL] Analyze javascript -> /home/test/Data/SECURITY-10-10-v4/out_ci/VSP_CI_20251220_222348/codeql/codeql_js.sarif
Running queries.
[1/202] Loaded /home/test/.codeql/packages/codeql/javascript-queries/2.2.0/Security/CWE-916/InsufficientPasswordHash.qlx.
[2/202] Loaded /home/test/.codeql/packages/codeql/javascript-queries/2.2.0/Security/CWE-830/FunctionalityFromUntrustedDomain.qlx.
[3/202] Loaded /home/test/.codeql/packages/codeql/javascript-queries/2.2.0/Security/CWE-830/FunctionalityFromUntrustedSource.qlx.
[4/202] Loaded /home/test/.codeql/packages/codeql/javascript-queries/2.2.0/Security/CWE-327/BrokenCryptoAlgorithm.qlx.
[5/202] Loaded /home/test/.codeql/packages/codeql/javascript-queries/2.2.0/Security/CWE-327/BadRandomness.qlx.
[6/202] Loaded /home/test/.codeql/packages/codeql/javascript-queries/2.2.0/Security/CWE-089/SqlInjection.qlx.
[7/202] Loaded /home/test/.codeql/packages/codeql/javascript-queries/2.2.0/Security/CWE-116/BadTagFilter.qlx.
[8/202] Loaded /home/test/.codeql/packages/codeql/javascript-queries/2.2.0/Security/CWE-116/DoubleEscaping.qlx.
[9/202] Loaded /home/test/.codeql/packages/codeql/javascript-queries/2.2.0/Security/CWE-116/UnsafeHtmlExpansion.qlx.
[10/202] Loaded /home/test/.codeql/packages/codeql/javascript-queries/2.2.0/Security/CWE-116/IncompleteSanitization.qlx.
[11/202] Loaded /home/test/.codeql/packages/codeql/javascript-queries/2.2.0/Security/CWE-116/IncompleteHtmlAttributeSanitization.qlx.
[12/202] Loaded /home/test/.codeql/packages/codeql/javascript-queries/2.2.0/Security/CWE-116/IncompleteMultiCharacterSanitization.qlx.
[13/202] Loaded /home/test/.codeql/packages/codeql/javascript-queries/2.2.0/Security/CWE-347/MissingJWTKeyVerification.qlx.
[14/202] Loaded /home/test/.codeql/packages/codeql/javascript-queries/2.2.0/Security/CWE-312/CleartextStorage.qlx.
[15/202] Loaded /home/test/.codeql/packages/codeql/javascript-queries/2.2.0/Security/CWE-312/BuildArtifactLeak.qlx.
[16/202] Loaded /home/test/.codeql/packages/codeql/javascript-queries/2.2.0/Security/CWE-312/CleartextLogging.qlx.
[17/202] Loaded /home/test/.codeql/packages/codeql/javascript-queries/2.2.0/Security/CWE-020/IncompleteUrlSchemeCheck.qlx.
[18/202] Loaded /home/test/.codeql/packages/codeql/javascript-queries/2.2.0/Security/CWE-020/IncorrectSuffixCheck.qlx.
[19/202] Loaded /home/test/.codeql/packages/codeql/javascript-queries/2.2.0/Security/CWE-020/OverlyLargeRange.qlx.
[20/202] Loaded /home/test/.codeql/packages/codeql/javascript-queries/2.2.0/Security/CWE-020/IncompleteUrlSubstringSanitization.qlx.
[21/202] Loaded /home/test/.codeql/packages/codeql/javascript-queries/2.2.0/Security/CWE-020/UselessRegExpCharacterEscape.qlx.
[22/202] Loaded /home/test/.codeql/packages/codeql/javascript-queries/2.2.0/Security/CWE-020/IncompleteHostnameRegExp.qlx.
[23/202] Loaded /home/test/.codeql/packages/codeql/javascript-queries/2.2.0/Security/CWE-730/ServerCrash.qlx.
[24/202] Loaded /home/test/.codeql/packages/codeql/javascript-queries/2.2.0/Security/CWE-730/RegExpInjection.qlx.
[25/202] Loaded /home/test/.codeql/packages/codeql/javascript-queries/2.2.0/Security/CWE-352/MissingCsrfMiddleware.qlx.
[26/202] Loaded /home/test/.codeql/packages/codeql/javascript-queries/2.2.0/Security/CWE-601/ClientSideUrlRedirect.qlx.
[27/202] Loaded /home/test/.codeql/packages/codeql/javascript-queries/2.2.0/Security/CWE-601/ServerSideUrlRedirect.qlx.
[28/202] Loaded /home/test/.codeql/packages/codeql/javascript-queries/2.2.0/Security/CWE-326/InsufficientKeySize.qlx.
[29/202] Loaded /home/test/.codeql/packages/codeql/javascript-queries/2.2.0/Security/CWE-770/MissingRateLimiting.qlx.
[30/202] Loaded /home/test/.codeql/packages/codeql/javascript-queries/2.2.0/Security/CWE-770/ResourceExhaustion.qlx.
[31/202] Loaded /home/test/.codeql/packages/codeql/javascript-queries/2.2.0/Security/CWE-843/TypeConfusionThroughParameterTampering.qlx.
[32/202] Loaded /home/test/.codeql/packages/codeql/javascript-queries/2.2.0/Security/CWE-178/CaseSensitiveMiddlewarePath.qlx.
[33/202] Loaded /home/test/.codeql/packages/codeql/javascript-queries/2.2.0/Security/CWE-295/DisablingCertificateValidation.qlx.
[34/202] Loaded /home/test/.codeql/packages/codeql/javascript-queries/2.2.0/Security/CWE-776/XmlBomb.qlx.
[35/202] Loaded /home/test/.codeql/packages/codeql/javascript-queries/2.2.0/Security/CWE-611/Xxe.qlx.
[36/202] Loaded /home/test/.codeql/packages/codeql/javascript-queries/2.2.0/Security/CWE-078/ShellCommandInjectionFromEnvironment.qlx.
[37/202] Loaded /home/test/.codeql/packages/codeql/javascript-queries/2.2.0/Security/CWE-078/UnsafeShellCommandConstruction.qlx.
[38/202] Loaded /home/test/.codeql/packages/codeql/javascript-queries/2.2.0/Security/CWE-078/UselessUseOfCat.qlx.
[39/202] Loaded /home/test/.codeql/packages/codeql/javascript-queries/2.2.0/Security/CWE-078/CommandInjection.qlx.
[40/202] Loaded /home/test/.codeql/packages/codeql/javascript-queries/2.2.0/Security/CWE-078/SecondOrderCommandInjection.qlx.
[41/202] Loaded /home/test/.codeql/packages/codeql/javascript-queries/2.2.0/Security/CWE-502/UnsafeDeserialization.qlx.
[42/202] Loaded /home/test/.codeql/packages/codeql/javascript-queries/2.2.0/Security/CWE-1004/ClientExposedCookie.qlx.
[43/202] Loaded /home/test/.codeql/packages/codeql/javascript-queries/2.2.0/Security/CWE-094/CodeInjection.qlx.
[44/202] Loaded /home/test/.codeql/packages/codeql/javascript-queries/2.2.0/Security/CWE-094/ImproperCodeSanitization.qlx.
[45/202] Loaded /home/test/.codeql/packages/codeql/javascript-queries/2.2.0/Security/CWE-094/UnsafeDynamicMethodAccess.qlx.
[46/202] Loaded /home/test/.codeql/packages/codeql/javascript-queries/2.2.0/Security/CWE-073/TemplateObjectInjection.qlx.
[47/202] Loaded /home/test/.codeql/packages/codeql/javascript-queries/2.2.0/Security/CWE-209/StackTraceExposure.qlx.
[48/202] Loaded /home/test/.codeql/packages/codeql/javascript-queries/2.2.0/Security/CWE-693/InsecureHelmet.qlx.
[49/202] Loaded /home/test/.codeql/packages/codeql/javascript-queries/2.2.0/Security/CWE-079/Xss.qlx.
[50/202] Loaded /home/test/.codeql/packages/codeql/javascript-queries/2.2.0/Security/CWE-079/XssThroughDom.qlx.
[51/202] Loaded /home/test/.codeql/packages/codeql/javascript-queries/2.2.0/Security/CWE-079/UnsafeHtmlConstruction.qlx.
[52/202] Loaded /home/test/.codeql/packages/codeql/javascript-queries/2.2.0/Security/CWE-079/ReflectedXss.qlx.
[53/202] Loaded /home/test/.codeql/packages/codeql/javascript-queries/2.2.0/Security/CWE-079/StoredXss.qlx.
[54/202] Loaded /home/test/.codeql/packages/codeql/javascript-queries/2.2.0/Security/CWE-079/UnsafeJQueryPlugin.qlx.
[55/202] Loaded /home/test/.codeql/packages/codeql/javascript-queries/2.2.0/Security/CWE-079/ExceptionXss.qlx.
[56/202] Loaded /home/test/.codeql/packages/codeql/javascript-queries/2.2.0/Security/CWE-134/TaintedFormatString.qlx.
[57/202] Loaded /home/test/.codeql/packages/codeql/javascript-queries/2.2.0/Security/CWE-834/LoopBoundInjection.qlx.
[58/202] Loaded /home/test/.codeql/packages/codeql/javascript-queries/2.2.0/Security/CWE-300/InsecureDependencyResolution.qlx.
[59/202] Loaded /home/test/.codeql/packages/codeql/javascript-queries/2.2.0/Security/CWE-643/XpathInjection.qlx.
[60/202] Loaded /home/test/.codeql/packages/codeql/javascript-queries/2.2.0/Security/CWE-598/SensitiveGetQuery.qlx.
[61/202] Loaded /home/test/.codeql/packages/codeql/javascript-queries/2.2.0/Security/CWE-754/UnvalidatedDynamicMethodCall.qlx.
[62/202] Loaded /home/test/.codeql/packages/codeql/javascript-queries/2.2.0/Security/CWE-022/TaintedPath.qlx.
[63/202] Loaded /home/test/.codeql/packages/codeql/javascript-queries/2.2.0/Security/CWE-022/ZipSlip.qlx.
[64/202] Loaded /home/test/.codeql/packages/codeql/javascript-queries/2.2.0/Security/CWE-201/PostMessageStar.qlx.
[65/202] Loaded /home/test/.codeql/packages/codeql/javascript-queries/2.2.0/Security/CWE-918/RequestForgery.qlx.
[66/202] Loaded /home/test/.codeql/packages/codeql/javascript-queries/2.2.0/Security/CWE-942/CorsPermissiveConfiguration.qlx.
[67/202] Loaded /home/test/.codeql/packages/codeql/javascript-queries/2.2.0/Security/CWE-338/InsecureRandomness.qlx.
[68/202] Loaded /home/test/.codeql/packages/codeql/javascript-queries/2.2.0/Security/CWE-400/DeepObjectResourceExhaustion.qlx.
[69/202] Loaded /home/test/.codeql/packages/codeql/javascript-queries/2.2.0/Security/CWE-200/PrivateFileExposure.qlx.
[70/202] Loaded /home/test/.codeql/packages/codeql/javascript-queries/2.2.0/Security/CWE-346/CorsMisconfigurationForCredentials.qlx.
[71/202] Loaded /home/test/.codeql/packages/codeql/javascript-queries/2.2.0/Security/CWE-640/HostHeaderPoisoningInEmailGeneration.qlx.
[72/202] Loaded /home/test/.codeql/packages/codeql/javascript-queries/2.2.0/Security/CWE-829/InsecureDownload.qlx.
[73/202] Loaded /home/test/.codeql/packages/codeql/javascript-queries/2.2.0/Security/CWE-915/PrototypePollutingAssignment.qlx.
[74/202] Loaded /home/test/.codeql/packages/codeql/javascript-queries/2.2.0/Security/CWE-915/PrototypePollutingMergeCall.qlx.
[75/202] Loaded /home/test/.codeql/packages/codeql/javascript-queries/2.2.0/Security/CWE-915/PrototypePollutingFunction.qlx.
[76/202] Loaded /home/test/.codeql/packages/codeql/javascript-queries/2.2.0/Security/CWE-614/ClearTextCookie.qlx.
[77/202] Loaded /home/test/.codeql/packages/codeql/javascript-queries/2.2.0/Electron/DisablingWebSecurity.qlx.
[78/202] Loaded /home/test/.codeql/packages/codeql/javascript-queries/2.2.0/Electron/AllowRunningInsecureContent.qlx.
[79/202] Loaded /home/test/.codeql/packages/codeql/javascript-queries/2.2.0/Performance/ReDoS.qlx.
[80/202] Loaded /home/test/.codeql/packages/codeql/javascript-queries/2.2.0/Performance/PolynomialReDoS.qlx.
[81/202] Loaded /home/test/.codeql/packages/codeql/javascript-queries/2.2.0/AngularJS/DisablingSce.qlx.
[82/202] Loaded /home/test/.codeql/packages/codeql/javascript-queries/2.2.0/AngularJS/DoubleCompilation.qlx.
[83/202] Loaded /home/test/.codeql/packages/codeql/javascript-queries/2.2.0/AngularJS/InsecureUrlWhitelist.qlx.
[84/202] Loaded /home/test/.codeql/packages/codeql/javascript-queries/2.2.0/RegExp/IdentityReplacement.qlx.
[85/202] Loaded /home/test/.codeql/packages/codeql/javascript-queries/2.2.0/Security/CWE-384/SessionFixation.qlx.
[86/202] Loaded /home/test/.codeql/packages/codeql/javascript-queries/2.2.0/Security/CWE-912/HttpToFileAccess.qlx.
[87/202] Loaded /home/test/.codeql/packages/codeql/javascript-queries/2.2.0/Security/CWE-020/MissingOriginCheck.qlx.
[88/202] Loaded /home/test/.codeql/packages/codeql/javascript-queries/2.2.0/Security/CWE-020/MissingRegExpAnchor.qlx.
[89/202] Loaded /home/test/.codeql/packages/codeql/javascript-queries/2.2.0/Security/CWE-078/IndirectCommandInjection.qlx.
[90/202] Loaded /home/test/.codeql/packages/codeql/javascript-queries/2.2.0/Security/CWE-117/LogInjection.qlx.
[91/202] Loaded /home/test/.codeql/packages/codeql/javascript-queries/2.2.0/Security/CWE-094/UnsafeCodeConstruction.qlx.
[92/202] Loaded /home/test/.codeql/packages/codeql/javascript-queries/2.2.0/Security/CWE-377/InsecureTemporaryFile.qlx.
[93/202] Loaded /home/test/.codeql/packages/codeql/javascript-queries/2.2.0/Security/CWE-506/HardcodedDataInterpretedAsCode.qlx.
[94/202] Loaded /home/test/.codeql/packages/codeql/javascript-queries/2.2.0/Security/CWE-807/ConditionalBypass.qlx.
[95/202] Loaded /home/test/.codeql/packages/codeql/javascript-queries/2.2.0/Security/CWE-367/FileSystemRace.qlx.
[96/202] Loaded /home/test/.codeql/packages/codeql/javascript-queries/2.2.0/Security/CWE-862/EmptyPasswordInConfigurationFile.qlx.
[97/202] Loaded /home/test/.codeql/packages/codeql/javascript-queries/2.2.0/Security/CWE-1275/SameSiteNoneCookie.qlx.
[98/202] Loaded /home/test/.codeql/packages/codeql/javascript-queries/2.2.0/Security/CWE-918/ClientSideRequestForgery.qlx.
[99/202] Loaded /home/test/.codeql/packages/codeql/javascript-queries/2.2.0/Security/CWE-400/RemotePropertyInjection.qlx.
[100/202] Loaded /home/test/.codeql/packages/codeql/javascript-queries/2.2.0/Security/CWE-200/FileAccessToHttp.qlx.
[101/202] Loaded /home/test/.codeql/packages/codeql/javascript-queries/2.2.0/Diagnostics/ExtractionErrors.qlx.
[102/202] Loaded /home/test/.codeql/packages/codeql/javascript-queries/2.2.0/Diagnostics/ExtractedFiles.qlx.
[103/202] Loaded /home/test/.codeql/packages/codeql/javascript-queries/2.2.0/Summary/LinesOfUserCode.qlx.
[104/202] Loaded /home/test/.codeql/packages/codeql/javascript-queries/2.2.0/Summary/LinesOfCode.qlx.
[105/202] Loaded /home/test/.codeql/packages/codeql/javascript-queries/2.2.0/Expressions/MissingAwait.qlx.
[106/202] Loaded /home/test/.codeql/packages/codeql/javascript-queries/2.2.0/Expressions/SelfAssignment.qlx.
[107/202] Loaded /home/test/.codeql/packages/codeql/javascript-queries/2.2.0/Expressions/UnboundEventHandlerReceiver.qlx.
[108/202] Loaded /home/test/.codeql/packages/codeql/javascript-queries/2.2.0/Expressions/WhitespaceContradictsPrecedence.qlx.
[109/202] Loaded /home/test/.codeql/packages/codeql/javascript-queries/2.2.0/Expressions/UnknownDirective.qlx.
[110/202] Loaded /home/test/.codeql/packages/codeql/javascript-queries/2.2.0/Expressions/ImplicitOperandConversion.qlx.
[111/202] Loaded /home/test/.codeql/packages/codeql/javascript-queries/2.2.0/Expressions/SuspiciousInvocation.qlx.
[112/202] Loaded /home/test/.codeql/packages/codeql/javascript-queries/2.2.0/Expressions/UnclearOperatorPrecedence.qlx.
[113/202] Loaded /home/test/.codeql/packages/codeql/javascript-queries/2.2.0/Expressions/SuspiciousPropAccess.qlx.
[114/202] Loaded /home/test/.codeql/packages/codeql/javascript-queries/2.2.0/Expressions/MisspelledVariableName.qlx.
[115/202] Loaded /home/test/.codeql/packages/codeql/javascript-queries/2.2.0/Expressions/StringInsteadOfRegex.qlx.
[116/202] Loaded /home/test/.codeql/packages/codeql/javascript-queries/2.2.0/Expressions/MissingSpaceInAppend.qlx.
[117/202] Loaded /home/test/.codeql/packages/codeql/javascript-queries/2.2.0/Expressions/RedundantExpression.qlx.
[118/202] Loaded /home/test/.codeql/packages/codeql/javascript-queries/2.2.0/Expressions/ShiftOutOfRange.qlx.
[119/202] Loaded /home/test/.codeql/packages/codeql/javascript-queries/2.2.0/Expressions/ExprHasNoEffect.qlx.
[120/202] Loaded /home/test/.codeql/packages/codeql/javascript-queries/2.2.0/Expressions/DuplicateSwitchCase.qlx.
[121/202] Loaded /home/test/.codeql/packages/codeql/javascript-queries/2.2.0/Expressions/DuplicateProperty.qlx.
[122/202] Loaded /home/test/.codeql/packages/codeql/javascript-queries/2.2.0/Expressions/MissingDotLengthInComparison.qlx.
[123/202] Loaded /home/test/.codeql/packages/codeql/javascript-queries/2.2.0/Expressions/ComparisonWithNaN.qlx.
[124/202] Loaded /home/test/.codeql/packages/codeql/javascript-queries/2.2.0/Expressions/HeterogeneousComparison.qlx.
[125/202] Loaded /home/test/.codeql/packages/codeql/javascript-queries/2.2.0/Expressions/UnneededDefensiveProgramming.qlx.
[126/202] Loaded /home/test/.codeql/packages/codeql/javascript-queries/2.2.0/Expressions/DuplicateCondition.qlx.
[127/202] Loaded /home/test/.codeql/packages/codeql/javascript-queries/2.2.0/Statements/DanglingElse.qlx.
[128/202] Loaded /home/test/.codeql/packages/codeql/javascript-queries/2.2.0/Statements/SuspiciousUnusedLoopIterationVariable.qlx.
[129/202] Loaded /home/test/.codeql/packages/codeql/javascript-queries/2.2.0/Statements/IgnoreArrayResult.qlx.
[130/202] Loaded /home/test/.codeql/packages/codeql/javascript-queries/2.2.0/Statements/LoopIterationSkippedDueToShifting.qlx.
[131/202] Loaded /home/test/.codeql/packages/codeql/javascript-queries/2.2.0/Statements/UseOfReturnlessFunction.qlx.
[132/202] Loaded /home/test/.codeql/packages/codeql/javascript-queries/2.2.0/Statements/MisleadingIndentationAfterControlStmt.qlx.
[133/202] Loaded /home/test/.codeql/packages/codeql/javascript-queries/2.2.0/Statements/LabelInCase.qlx.
[134/202] Loaded /home/test/.codeql/packages/codeql/javascript-queries/2.2.0/Statements/UselessConditional.qlx.
[135/202] Loaded /home/test/.codeql/packages/codeql/javascript-queries/2.2.0/Statements/UselessComparisonTest.qlx.
[136/202] Loaded /home/test/.codeql/packages/codeql/javascript-queries/2.2.0/Statements/InconsistentLoopOrientation.qlx.
[137/202] Loaded /home/test/.codeql/packages/codeql/javascript-queries/2.2.0/Statements/ReturnAssignsLocal.qlx.
[138/202] Loaded /home/test/.codeql/packages/codeql/javascript-queries/2.2.0/Statements/UnreachableStatement.qlx.
[139/202] Loaded /home/test/.codeql/packages/codeql/javascript-queries/2.2.0/Declarations/TemporalDeadZone.qlx.
[140/202] Loaded /home/test/.codeql/packages/codeql/javascript-queries/2.2.0/Declarations/MissingVarDecl.qlx.
[141/202] Loaded /home/test/.codeql/packages/codeql/javascript-queries/2.2.0/Declarations/SuspiciousMethodNameDeclaration.qlx.
[142/202] Loaded /home/test/.codeql/packages/codeql/javascript-queries/2.2.0/Declarations/UnreachableMethodOverloads.qlx.
[143/202] Loaded /home/test/.codeql/packages/codeql/javascript-queries/2.2.0/Declarations/UniqueParameterNames.qlx.
[144/202] Loaded /home/test/.codeql/packages/codeql/javascript-queries/2.2.0/Declarations/DeadStoreOfLocal.qlx.
[145/202] Loaded /home/test/.codeql/packages/codeql/javascript-queries/2.2.0/Declarations/AssignmentToConst.qlx.
[146/202] Loaded /home/test/.codeql/packages/codeql/javascript-queries/2.2.0/Declarations/DuplicateVarDecl.qlx.
[147/202] Loaded /home/test/.codeql/packages/codeql/javascript-queries/2.2.0/Declarations/ConflictingFunctions.qlx.
[148/202] Loaded /home/test/.codeql/packages/codeql/javascript-queries/2.2.0/Declarations/UnusedVariable.qlx.
[149/202] Loaded /home/test/.codeql/packages/codeql/javascript-queries/2.2.0/Declarations/MixedStaticInstanceThisAccess.qlx.
[150/202] Loaded /home/test/.codeql/packages/codeql/javascript-queries/2.2.0/Declarations/IneffectiveParameterType.qlx.
[151/202] Loaded /home/test/.codeql/packages/codeql/javascript-queries/2.2.0/Declarations/MissingThisQualifier.qlx.
[152/202] Loaded /home/test/.codeql/packages/codeql/javascript-queries/2.2.0/Declarations/DeclBeforeUse.qlx.
[153/202] Loaded /home/test/.codeql/packages/codeql/javascript-queries/2.2.0/Declarations/DeadStoreOfProperty.qlx.
[154/202] Loaded /home/test/.codeql/packages/codeql/javascript-queries/2.2.0/Declarations/ArgumentsRedefined.qlx.
[155/202] Loaded /home/test/.codeql/packages/codeql/javascript-queries/2.2.0/Declarations/UniquePropertyNames.qlx.
[156/202] Loaded /home/test/.codeql/packages/codeql/javascript-queries/2.2.0/Declarations/DefaultArgumentReferencesNestedFunction.qlx.
[157/202] Loaded /home/test/.codeql/packages/codeql/javascript-queries/2.2.0/Declarations/ClobberingVarInit.qlx.
[158/202] Loaded /home/test/.codeql/packages/codeql/javascript-queries/2.2.0/LanguageFeatures/BadTypeof.qlx.
[159/202] Loaded /home/test/.codeql/packages/codeql/javascript-queries/2.2.0/LanguageFeatures/ConditionalComments.qlx.
[160/202] Loaded /home/test/.codeql/packages/codeql/javascript-queries/2.2.0/LanguageFeatures/SetterReturn.qlx.
[161/202] Loaded /home/test/.codeql/packages/codeql/javascript-queries/2.2.0/LanguageFeatures/WithStatement.qlx.
[162/202] Loaded /home/test/.codeql/packages/codeql/javascript-queries/2.2.0/LanguageFeatures/SemicolonInsertion.qlx.
[163/202] Loaded /home/test/.codeql/packages/codeql/javascript-queries/2.2.0/LanguageFeatures/SyntaxError.qlx.
[164/202] Loaded /home/test/.codeql/packages/codeql/javascript-queries/2.2.0/LanguageFeatures/YieldInNonGenerator.qlx.
[165/202] Loaded /home/test/.codeql/packages/codeql/javascript-queries/2.2.0/LanguageFeatures/IllegalInvocation.qlx.
[166/202] Loaded /home/test/.codeql/packages/codeql/javascript-queries/2.2.0/LanguageFeatures/DeleteVar.qlx.
[167/202] Loaded /home/test/.codeql/packages/codeql/javascript-queries/2.2.0/LanguageFeatures/ForInComprehensionBlocks.qlx.
[168/202] Loaded /home/test/.codeql/packages/codeql/javascript-queries/2.2.0/LanguageFeatures/SpuriousArguments.qlx.
[169/202] Loaded /home/test/.codeql/packages/codeql/javascript-queries/2.2.0/LanguageFeatures/ExpressionClosures.qlx.
[170/202] Loaded /home/test/.codeql/packages/codeql/javascript-queries/2.2.0/LanguageFeatures/UnusedIndexVariable.qlx.
[171/202] Loaded /home/test/.codeql/packages/codeql/javascript-queries/2.2.0/LanguageFeatures/NonLinearPattern.qlx.
[172/202] Loaded /home/test/.codeql/packages/codeql/javascript-queries/2.2.0/LanguageFeatures/TemplateSyntaxInStringLiteral.qlx.
[173/202] Loaded /home/test/.codeql/packages/codeql/javascript-queries/2.2.0/LanguageFeatures/InvalidPrototype.qlx.
[174/202] Loaded /home/test/.codeql/packages/codeql/javascript-queries/2.2.0/LanguageFeatures/StrictModeCallStackIntrospection.qlx.
[175/202] Loaded /home/test/.codeql/packages/codeql/javascript-queries/2.2.0/LanguageFeatures/PropertyWriteOnPrimitive.qlx.
[176/202] Loaded /home/test/.codeql/packages/codeql/javascript-queries/2.2.0/LanguageFeatures/InconsistentNew.qlx.
[177/202] Loaded /home/test/.codeql/packages/codeql/javascript-queries/2.2.0/LanguageFeatures/LengthComparisonOffByOne.qlx.
[178/202] Loaded /home/test/.codeql/packages/codeql/javascript-queries/2.2.0/LanguageFeatures/ThisBeforeSuper.qlx.
[179/202] Loaded /home/test/.codeql/packages/codeql/javascript-queries/2.2.0/Vue/ArrowMethodOnVueInstance.qlx.
[180/202] Loaded /home/test/.codeql/packages/codeql/javascript-queries/2.2.0/NodeJS/InvalidExport.qlx.
[181/202] Loaded /home/test/.codeql/packages/codeql/javascript-queries/2.2.0/NodeJS/MissingExports.qlx.
[182/202] Loaded /home/test/.codeql/packages/codeql/javascript-queries/2.2.0/React/DirectStateMutation.qlx.
[183/202] Loaded /home/test/.codeql/packages/codeql/javascript-queries/2.2.0/React/UnsupportedStateUpdateInLifecycleMethod.qlx.
[184/202] Loaded /home/test/.codeql/packages/codeql/javascript-queries/2.2.0/React/UnusedOrUndefinedStateProperty.qlx.
[185/202] Loaded /home/test/.codeql/packages/codeql/javascript-queries/2.2.0/React/InconsistentStateUpdate.qlx.
[186/202] Loaded /home/test/.codeql/packages/codeql/javascript-queries/2.2.0/DOM/DuplicateAttributes.qlx.
[187/202] Loaded /home/test/.codeql/packages/codeql/javascript-queries/2.2.0/DOM/MalformedIdAttribute.qlx.
[188/202] Loaded /home/test/.codeql/packages/codeql/javascript-queries/2.2.0/DOM/PseudoEval.qlx.
[189/202] Loaded /home/test/.codeql/packages/codeql/javascript-queries/2.2.0/AngularJS/UseNgSrc.qlx.
[190/202] Loaded /home/test/.codeql/packages/codeql/javascript-queries/2.2.0/AngularJS/DuplicateDependency.qlx.
[191/202] Loaded /home/test/.codeql/packages/codeql/javascript-queries/2.2.0/AngularJS/MissingExplicitInjection.qlx.
[192/202] Loaded /home/test/.codeql/packages/codeql/javascript-queries/2.2.0/AngularJS/IncompatibleService.qlx.
[193/202] Loaded /home/test/.codeql/packages/codeql/javascript-queries/2.2.0/AngularJS/DependencyMismatch.qlx.
[194/202] Loaded /home/test/.codeql/packages/codeql/javascript-queries/2.2.0/AngularJS/RepeatedInjection.qlx.
[195/202] Loaded /home/test/.codeql/packages/codeql/javascript-queries/2.2.0/RegExp/RegExpAlwaysMatches.qlx.
[196/202] Loaded /home/test/.codeql/packages/codeql/javascript-queries/2.2.0/RegExp/UnmatchableCaret.qlx.
[197/202] Loaded /home/test/.codeql/packages/codeql/javascript-queries/2.2.0/RegExp/UnmatchableDollar.qlx.
[198/202] Loaded /home/test/.codeql/packages/codeql/javascript-queries/2.2.0/RegExp/EmptyCharacterClass.qlx.
[199/202] Loaded /home/test/.codeql/packages/codeql/javascript-queries/2.2.0/RegExp/DuplicateCharacterInCharacterClass.qlx.
[200/202] Loaded /home/test/.codeql/packages/codeql/javascript-queries/2.2.0/RegExp/UnboundBackref.qlx.
[201/202] Loaded /home/test/.codeql/packages/codeql/javascript-queries/2.2.0/RegExp/BackrefIntoNegativeLookahead.qlx.
[202/202] Loaded /home/test/.codeql/packages/codeql/javascript-queries/2.2.0/RegExp/BackrefBeforeGroup.qlx.
Starting evaluation of codeql/javascript-queries/AngularJS/DependencyMismatch.ql.
Starting evaluation of codeql/javascript-queries/AngularJS/DisablingSce.ql.
Starting evaluation of codeql/javascript-queries/AngularJS/DoubleCompilation.ql.
Starting evaluation of codeql/javascript-queries/AngularJS/DuplicateDependency.ql.
Starting evaluation of codeql/javascript-queries/AngularJS/IncompatibleService.ql.
Starting evaluation of codeql/javascript-queries/AngularJS/InsecureUrlWhitelist.ql.
Starting evaluation of codeql/javascript-queries/AngularJS/MissingExplicitInjection.ql.
Starting evaluation of codeql/javascript-queries/AngularJS/RepeatedInjection.ql.
Starting evaluation of codeql/javascript-queries/AngularJS/UseNgSrc.ql.
Starting evaluation of codeql/javascript-queries/DOM/DuplicateAttributes.ql.
Starting evaluation of codeql/javascript-queries/DOM/MalformedIdAttribute.ql.
Starting evaluation of codeql/javascript-queries/DOM/PseudoEval.ql.
Starting evaluation of codeql/javascript-queries/Declarations/ArgumentsRedefined.ql.
Starting evaluation of codeql/javascript-queries/Declarations/AssignmentToConst.ql.
Starting evaluation of codeql/javascript-queries/Declarations/ConflictingFunctions.ql.
Starting evaluation of codeql/javascript-queries/Declarations/ClobberingVarInit.ql.
Starting evaluation of codeql/javascript-queries/Declarations/DeadStoreOfLocal.ql.
Starting evaluation of codeql/javascript-queries/Declarations/DeadStoreOfProperty.ql.
Starting evaluation of codeql/javascript-queries/Declarations/DeclBeforeUse.ql.
Starting evaluation of codeql/javascript-queries/Declarations/DefaultArgumentReferencesNestedFunction.ql.
Starting evaluation of codeql/javascript-queries/Declarations/DuplicateVarDecl.ql.
Starting evaluation of codeql/javascript-queries/Declarations/SuspiciousMethodNameDeclaration.ql.
Starting evaluation of codeql/javascript-queries/Declarations/IneffectiveParameterType.ql.
Starting evaluation of codeql/javascript-queries/Declarations/MissingThisQualifier.ql.
Starting evaluation of codeql/javascript-queries/Declarations/TemporalDeadZone.ql.
Starting evaluation of codeql/javascript-queries/Declarations/UniqueParameterNames.ql.
Starting evaluation of codeql/javascript-queries/Declarations/UniquePropertyNames.ql.
Starting evaluation of codeql/javascript-queries/Declarations/UnreachableMethodOverloads.ql.
Starting evaluation of codeql/javascript-queries/Declarations/MissingVarDecl.ql.
Starting evaluation of codeql/javascript-queries/Declarations/MixedStaticInstanceThisAccess.ql.
Starting evaluation of codeql/javascript-queries/Diagnostics/ExtractionErrors.ql.
Starting evaluation of codeql/javascript-queries/Diagnostics/ExtractedFiles.ql.
Starting evaluation of codeql/javascript-queries/Declarations/UnusedVariable.ql.
Starting evaluation of codeql/javascript-queries/Electron/AllowRunningInsecureContent.ql.
Starting evaluation of codeql/javascript-queries/Electron/DisablingWebSecurity.ql.
Starting evaluation of codeql/javascript-queries/Expressions/ComparisonWithNaN.ql.
[1/202 eval 2.6s] Evaluation done; writing results to codeql/javascript-queries/Diagnostics/ExtractionErrors.bqrs.
[2/202 eval 2.8s] Evaluation done; writing results to codeql/javascript-queries/Diagnostics/ExtractedFiles.bqrs.
Starting evaluation of codeql/javascript-queries/Expressions/DuplicateCondition.ql.
Starting evaluation of codeql/javascript-queries/Expressions/DuplicateSwitchCase.ql.
Starting evaluation of codeql/javascript-queries/Expressions/ExprHasNoEffect.ql.
Starting evaluation of codeql/javascript-queries/Expressions/DuplicateProperty.ql.
Starting evaluation of codeql/javascript-queries/Expressions/HeterogeneousComparison.ql.
Starting evaluation of codeql/javascript-queries/Expressions/ImplicitOperandConversion.ql.
Starting evaluation of codeql/javascript-queries/Expressions/MissingAwait.ql.
Starting evaluation of codeql/javascript-queries/Expressions/MissingDotLengthInComparison.ql.
[3/202 eval 3.1s] Evaluation done; writing results to codeql/javascript-queries/Expressions/ComparisonWithNaN.bqrs.
[4/202 eval 3.3s] Evaluation done; writing results to codeql/javascript-queries/Declarations/MissingThisQualifier.bqrs.
[5/202 eval 3.3s] Evaluation done; writing results to codeql/javascript-queries/Declarations/MixedStaticInstanceThisAccess.bqrs.
[6/202 eval 3.6s] Evaluation done; writing results to codeql/javascript-queries/Declarations/DuplicateVarDecl.bqrs.
[7/202 eval 4.1s] Evaluation done; writing results to codeql/javascript-queries/Declarations/UnreachableMethodOverloads.bqrs.
[8/202 eval 1.3s] Evaluation done; writing results to codeql/javascript-queries/Expressions/DuplicateProperty.bqrs.
[9/202 eval 4.2s] Evaluation done; writing results to codeql/javascript-queries/Declarations/UniquePropertyNames.bqrs.
[10/202 eval 4.4s] Evaluation done; writing results to codeql/javascript-queries/Declarations/ArgumentsRedefined.bqrs.
[11/202 eval 4.6s] Evaluation done; writing results to codeql/javascript-queries/AngularJS/DisablingSce.bqrs.
[12/202 eval 4.8s] Evaluation done; writing results to codeql/javascript-queries/AngularJS/DependencyMismatch.bqrs.
[13/202 eval 4.8s] Evaluation done; writing results to codeql/javascript-queries/AngularJS/DoubleCompilation.bqrs.
[14/202 eval 4.8s] Evaluation done; writing results to codeql/javascript-queries/AngularJS/IncompatibleService.bqrs.
[15/202 eval 4.8s] Evaluation done; writing results to codeql/javascript-queries/AngularJS/MissingExplicitInjection.bqrs.
[16/202 eval 4.8s] Evaluation done; writing results to codeql/javascript-queries/AngularJS/RepeatedInjection.bqrs.
[17/202 eval 4.9s] Evaluation done; writing results to codeql/javascript-queries/AngularJS/InsecureUrlWhitelist.bqrs.
[18/202 eval 4.9s] Evaluation done; writing results to codeql/javascript-queries/AngularJS/DuplicateDependency.bqrs.
[19/202 eval 5.1s] Evaluation done; writing results to codeql/javascript-queries/DOM/PseudoEval.bqrs.
[20/202 eval 5.4s] Evaluation done; writing results to codeql/javascript-queries/Declarations/ClobberingVarInit.bqrs.
[21/202 eval 5.7s] Evaluation done; writing results to codeql/javascript-queries/Declarations/DefaultArgumentReferencesNestedFunction.bqrs.
[22/202 eval 5.7s] Evaluation done; writing results to codeql/javascript-queries/Declarations/ConflictingFunctions.bqrs.
[23/202 eval 5.8s] Evaluation done; writing results to codeql/javascript-queries/Declarations/AssignmentToConst.bqrs.
[24/202 eval 6.1s] Evaluation done; writing results to codeql/javascript-queries/Declarations/SuspiciousMethodNameDeclaration.bqrs.
[25/202 eval 6.9s] Evaluation done; writing results to codeql/javascript-queries/Declarations/UniqueParameterNames.bqrs.
[26/202 eval 6.9s] Evaluation done; writing results to codeql/javascript-queries/Declarations/IneffectiveParameterType.bqrs.
[27/202 eval 7.1s] Evaluation done; writing results to codeql/javascript-queries/Declarations/DeadStoreOfLocal.bqrs.
[28/202 eval 7.2s] Evaluation done; writing results to codeql/javascript-queries/Electron/AllowRunningInsecureContent.bqrs.
[29/202 eval 7.2s] Evaluation done; writing results to codeql/javascript-queries/Electron/DisablingWebSecurity.bqrs.
[30/202 eval 7.9s] Evaluation done; writing results to codeql/javascript-queries/Declarations/TemporalDeadZone.bqrs.
[31/202 eval 8s] Evaluation done; writing results to codeql/javascript-queries/Declarations/DeclBeforeUse.bqrs.
[32/202 eval 5.4s] Evaluation done; writing results to codeql/javascript-queries/Expressions/MissingDotLengthInComparison.bqrs.
[33/202 eval 8.5s] Evaluation done; writing results to codeql/javascript-queries/DOM/DuplicateAttributes.bqrs.
[34/202 eval 8.6s] Evaluation done; writing results to codeql/javascript-queries/DOM/MalformedIdAttribute.bqrs.
[35/202 eval 8.9s] Evaluation done; writing results to codeql/javascript-queries/AngularJS/UseNgSrc.bqrs.
[36/202 eval 9.6s] Evaluation done; writing results to codeql/javascript-queries/Declarations/MissingVarDecl.bqrs.
Starting evaluation of codeql/javascript-queries/Expressions/MissingSpaceInAppend.ql.
Starting evaluation of codeql/javascript-queries/Expressions/MisspelledVariableName.ql.
Starting evaluation of codeql/javascript-queries/Expressions/RedundantExpression.ql.
Starting evaluation of codeql/javascript-queries/Expressions/SelfAssignment.ql.
Starting evaluation of codeql/javascript-queries/Expressions/ShiftOutOfRange.ql.
[37/202 eval 7.5s] Evaluation done; writing results to codeql/javascript-queries/Expressions/MissingAwait.bqrs.
[38/202 eval 55ms] Evaluation done; writing results to codeql/javascript-queries/Expressions/ShiftOutOfRange.bqrs.
[39/202 eval 160ms] Evaluation done; writing results to codeql/javascript-queries/Expressions/MissingSpaceInAppend.bqrs.
[40/202 eval 193ms] Evaluation done; writing results to codeql/javascript-queries/Expressions/MisspelledVariableName.bqrs.
Starting evaluation of codeql/javascript-queries/Expressions/StringInsteadOfRegex.ql.
Starting evaluation of codeql/javascript-queries/Expressions/SuspiciousInvocation.ql.
Starting evaluation of codeql/javascript-queries/Expressions/SuspiciousPropAccess.ql.
Starting evaluation of codeql/javascript-queries/Expressions/UnboundEventHandlerReceiver.ql.
Starting evaluation of codeql/javascript-queries/Expressions/UnknownDirective.ql.
Starting evaluation of codeql/javascript-queries/Expressions/UnclearOperatorPrecedence.ql.
[41/202 eval 7.7s] Evaluation done; writing results to codeql/javascript-queries/Expressions/DuplicateSwitchCase.bqrs.
[42/202 eval 7.7s] Evaluation done; writing results to codeql/javascript-queries/Expressions/DuplicateCondition.bqrs.
[43/202 eval 79ms] Evaluation done; writing results to codeql/javascript-queries/Expressions/UnboundEventHandlerReceiver.bqrs.
[44/202 eval 145ms] Evaluation done; writing results to codeql/javascript-queries/Expressions/UnknownDirective.bqrs.
[45/202 eval 377ms] Evaluation done; writing results to codeql/javascript-queries/Expressions/RedundantExpression.bqrs.
[46/202 eval 10.7s] Evaluation done; writing results to codeql/javascript-queries/Declarations/UnusedVariable.bqrs.
[47/202 eval 221ms] Evaluation done; writing results to codeql/javascript-queries/Expressions/StringInsteadOfRegex.bqrs.
[48/202 eval 7.9s] Evaluation done; writing results to codeql/javascript-queries/Expressions/ImplicitOperandConversion.bqrs.
[49/202 eval 283ms] Evaluation done; writing results to codeql/javascript-queries/Expressions/SuspiciousInvocation.bqrs.
[50/202 eval 551ms] Evaluation done; writing results to codeql/javascript-queries/Expressions/SelfAssignment.bqrs.
Starting evaluation of codeql/javascript-queries/Expressions/UnneededDefensiveProgramming.ql.
[51/202 eval 10.9s] Evaluation done; writing results to codeql/javascript-queries/Declarations/DeadStoreOfProperty.bqrs.
[52/202 eval 424ms] Evaluation done; writing results to codeql/javascript-queries/Expressions/SuspiciousPropAccess.bqrs.
Starting evaluation of codeql/javascript-queries/Expressions/WhitespaceContradictsPrecedence.ql.
Starting evaluation of codeql/javascript-queries/LanguageFeatures/BadTypeof.ql.
Starting evaluation of codeql/javascript-queries/LanguageFeatures/ConditionalComments.ql.
Starting evaluation of codeql/javascript-queries/LanguageFeatures/DeleteVar.ql.
Starting evaluation of codeql/javascript-queries/LanguageFeatures/ExpressionClosures.ql.
Starting evaluation of codeql/javascript-queries/LanguageFeatures/ForInComprehensionBlocks.ql.
[53/202 eval 8ms] Evaluation done; writing results to codeql/javascript-queries/LanguageFeatures/ForInComprehensionBlocks.bqrs.
[54/202 eval 33ms] Evaluation done; writing results to codeql/javascript-queries/LanguageFeatures/ConditionalComments.bqrs.
[55/202 eval 96ms] Evaluation done; writing results to codeql/javascript-queries/LanguageFeatures/BadTypeof.bqrs.
[56/202 eval 106ms] Evaluation done; writing results to codeql/javascript-queries/LanguageFeatures/DeleteVar.bqrs.
[57/202 eval 8.3s] Evaluation done; writing results to codeql/javascript-queries/Expressions/ExprHasNoEffect.bqrs.
Starting evaluation of codeql/javascript-queries/LanguageFeatures/IllegalInvocation.ql.
Starting evaluation of codeql/javascript-queries/LanguageFeatures/InconsistentNew.ql.
Starting evaluation of codeql/javascript-queries/LanguageFeatures/InvalidPrototype.ql.
[58/202 eval 197ms] Evaluation done; writing results to codeql/javascript-queries/LanguageFeatures/IllegalInvocation.bqrs.
[59/202 eval 356ms] Evaluation done; writing results to codeql/javascript-queries/LanguageFeatures/ExpressionClosures.bqrs.
Starting evaluation of codeql/javascript-queries/LanguageFeatures/LengthComparisonOffByOne.ql.
Starting evaluation of codeql/javascript-queries/LanguageFeatures/NonLinearPattern.ql.
Starting evaluation of codeql/javascript-queries/LanguageFeatures/PropertyWriteOnPrimitive.ql.
Starting evaluation of codeql/javascript-queries/LanguageFeatures/SemicolonInsertion.ql.
Starting evaluation of codeql/javascript-queries/LanguageFeatures/SetterReturn.ql.
Starting evaluation of codeql/javascript-queries/LanguageFeatures/SpuriousArguments.ql.
Starting evaluation of codeql/javascript-queries/LanguageFeatures/StrictModeCallStackIntrospection.ql.
[60/202 eval 3ms] Evaluation done; writing results to codeql/javascript-queries/LanguageFeatures/SetterReturn.bqrs.
[61/202 eval 976ms] Evaluation done; writing results to codeql/javascript-queries/Expressions/UnclearOperatorPrecedence.bqrs.
[62/202 eval 508ms] Evaluation done; writing results to codeql/javascript-queries/Expressions/WhitespaceContradictsPrecedence.bqrs.
[63/202 eval 154ms] Evaluation done; writing results to codeql/javascript-queries/LanguageFeatures/NonLinearPattern.bqrs.
[64/202 eval 243ms] Evaluation done; writing results to codeql/javascript-queries/LanguageFeatures/LengthComparisonOffByOne.bqrs.
[65/202 eval 698ms] Evaluation done; writing results to codeql/javascript-queries/LanguageFeatures/InvalidPrototype.bqrs.
Starting evaluation of codeql/javascript-queries/LanguageFeatures/SyntaxError.ql.
[66/202 eval 5ms] Evaluation done; writing results to codeql/javascript-queries/LanguageFeatures/SyntaxError.bqrs.
Starting evaluation of codeql/javascript-queries/LanguageFeatures/TemplateSyntaxInStringLiteral.ql.
Starting evaluation of codeql/javascript-queries/LanguageFeatures/ThisBeforeSuper.ql.
[67/202 eval 10ms] Evaluation done; writing results to codeql/javascript-queries/LanguageFeatures/ThisBeforeSuper.bqrs.
Starting evaluation of codeql/javascript-queries/LanguageFeatures/UnusedIndexVariable.ql.
Starting evaluation of codeql/javascript-queries/LanguageFeatures/WithStatement.ql.
Starting evaluation of codeql/javascript-queries/LanguageFeatures/YieldInNonGenerator.ql.
Starting evaluation of codeql/javascript-queries/NodeJS/InvalidExport.ql.
Starting evaluation of codeql/javascript-queries/NodeJS/MissingExports.ql.
[68/202 eval 6ms] Evaluation done; writing results to codeql/javascript-queries/LanguageFeatures/YieldInNonGenerator.bqrs.
[69/202 eval 9.1s] Evaluation done; writing results to codeql/javascript-queries/Expressions/HeterogeneousComparison.bqrs.
[70/202 eval 52ms] Evaluation done; writing results to codeql/javascript-queries/LanguageFeatures/WithStatement.bqrs.
[71/202 eval 603ms] Evaluation done; writing results to codeql/javascript-queries/LanguageFeatures/StrictModeCallStackIntrospection.bqrs.
[72/202 eval 84ms] Evaluation done; writing results to codeql/javascript-queries/LanguageFeatures/UnusedIndexVariable.bqrs.
Starting evaluation of codeql/javascript-queries/Performance/PolynomialReDoS.ql.
[73/202 eval 1.2s] Evaluation done; writing results to codeql/javascript-queries/Expressions/UnneededDefensiveProgramming.bqrs.
[74/202 eval 708ms] Evaluation done; writing results to codeql/javascript-queries/LanguageFeatures/SpuriousArguments.bqrs.
[75/202 eval 332ms] Evaluation done; writing results to codeql/javascript-queries/LanguageFeatures/TemplateSyntaxInStringLiteral.bqrs.
[76/202 eval 370ms] Evaluation done; writing results to codeql/javascript-queries/NodeJS/InvalidExport.bqrs.
[77/202 eval 1.6s] Evaluation done; writing results to codeql/javascript-queries/LanguageFeatures/InconsistentNew.bqrs.
[78/202 eval 1s] Evaluation done; writing results to codeql/javascript-queries/NodeJS/MissingExports.bqrs.
[79/202 eval 1.8s] Evaluation done; writing results to codeql/javascript-queries/LanguageFeatures/SemicolonInsertion.bqrs.
Starting evaluation of codeql/javascript-queries/Performance/ReDoS.ql.
Starting evaluation of codeql/javascript-queries/React/DirectStateMutation.ql.
Starting evaluation of codeql/javascript-queries/React/InconsistentStateUpdate.ql.
Starting evaluation of codeql/javascript-queries/React/UnsupportedStateUpdateInLifecycleMethod.ql.
Starting evaluation of codeql/javascript-queries/React/UnusedOrUndefinedStateProperty.ql.
Starting evaluation of codeql/javascript-queries/RegExp/BackrefBeforeGroup.ql.
Starting evaluation of codeql/javascript-queries/RegExp/BackrefIntoNegativeLookahead.ql.
[80/202 eval 244ms] Evaluation done; writing results to codeql/javascript-queries/React/InconsistentStateUpdate.bqrs.
[81/202 eval 426ms] Evaluation done; writing results to codeql/javascript-queries/RegExp/BackrefBeforeGroup.bqrs.
[82/202 eval 451ms] Evaluation done; writing results to codeql/javascript-queries/React/DirectStateMutation.bqrs.
[83/202 eval 442ms] Evaluation done; writing results to codeql/javascript-queries/RegExp/BackrefIntoNegativeLookahead.bqrs.
Starting evaluation of codeql/javascript-queries/RegExp/DuplicateCharacterInCharacterClass.ql.
Starting evaluation of codeql/javascript-queries/RegExp/IdentityReplacement.ql.
Starting evaluation of codeql/javascript-queries/RegExp/RegExpAlwaysMatches.ql.
Starting evaluation of codeql/javascript-queries/RegExp/EmptyCharacterClass.ql.
[84/202 eval 517ms] Evaluation done; writing results to codeql/javascript-queries/React/UnusedOrUndefinedStateProperty.bqrs.
[85/202 eval 112ms] Evaluation done; writing results to codeql/javascript-queries/RegExp/EmptyCharacterClass.bqrs.
[86/202 eval 149ms] Evaluation done; writing results to codeql/javascript-queries/RegExp/DuplicateCharacterInCharacterClass.bqrs.
[87/202 eval 2.5s] Evaluation done; writing results to codeql/javascript-queries/LanguageFeatures/PropertyWriteOnPrimitive.bqrs.
Starting evaluation of codeql/javascript-queries/RegExp/UnmatchableCaret.ql.
Starting evaluation of codeql/javascript-queries/RegExp/UnboundBackref.ql.
Starting evaluation of codeql/javascript-queries/RegExp/UnmatchableDollar.ql.
Starting evaluation of codeql/javascript-queries/Security/CWE-020/IncompleteHostnameRegExp.ql.
[88/202 eval 119ms] Evaluation done; writing results to codeql/javascript-queries/RegExp/UnboundBackref.bqrs.
[89/202 eval 461ms] Evaluation done; writing results to codeql/javascript-queries/RegExp/IdentityReplacement.bqrs.
[90/202 eval 969ms] Evaluation done; writing results to codeql/javascript-queries/React/UnsupportedStateUpdateInLifecycleMethod.bqrs.
[91/202 eval 382ms] Evaluation done; writing results to codeql/javascript-queries/RegExp/UnmatchableCaret.bqrs.
[92/202 eval 566ms] Evaluation done; writing results to codeql/javascript-queries/RegExp/RegExpAlwaysMatches.bqrs.
[93/202 eval 352ms] Evaluation done; writing results to codeql/javascript-queries/RegExp/UnmatchableDollar.bqrs.
Starting evaluation of codeql/javascript-queries/Security/CWE-020/IncompleteUrlSchemeCheck.ql.
Starting evaluation of codeql/javascript-queries/Security/CWE-020/IncompleteUrlSubstringSanitization.ql.
Starting evaluation of codeql/javascript-queries/Security/CWE-020/IncorrectSuffixCheck.ql.
Starting evaluation of codeql/javascript-queries/Security/CWE-020/MissingOriginCheck.ql.
Starting evaluation of codeql/javascript-queries/Security/CWE-020/MissingRegExpAnchor.ql.
Starting evaluation of codeql/javascript-queries/Security/CWE-020/OverlyLargeRange.ql.
Starting evaluation of codeql/javascript-queries/Security/CWE-020/UselessRegExpCharacterEscape.ql.
Starting evaluation of codeql/javascript-queries/Security/CWE-022/TaintedPath.ql.
[94/202 eval 789ms] Evaluation done; writing results to codeql/javascript-queries/Security/CWE-020/IncompleteHostnameRegExp.bqrs.
[95/202 eval 507ms] Evaluation done; writing results to codeql/javascript-queries/Security/CWE-020/IncompleteUrlSubstringSanitization.bqrs.
[96/202 eval 598ms] Evaluation done; writing results to codeql/javascript-queries/Security/CWE-020/IncompleteUrlSchemeCheck.bqrs.
[97/202 eval 938ms] Evaluation done; writing results to codeql/javascript-queries/Security/CWE-020/IncorrectSuffixCheck.bqrs.
[98/202 eval 967ms] Evaluation done; writing results to codeql/javascript-queries/Security/CWE-020/MissingOriginCheck.bqrs.
[99/202 eval 3.4s] Evaluation done; writing results to codeql/javascript-queries/Security/CWE-020/MissingRegExpAnchor.bqrs.
[100/202 eval 3.6s] Evaluation done; writing results to codeql/javascript-queries/Security/CWE-020/OverlyLargeRange.bqrs.
[101/202 eval 4.3s] Evaluation done; writing results to codeql/javascript-queries/Security/CWE-020/UselessRegExpCharacterEscape.bqrs.
[102/202 eval 5.9s] Evaluation done; writing results to codeql/javascript-queries/Performance/ReDoS.bqrs.
Starting evaluation of codeql/javascript-queries/Security/CWE-022/ZipSlip.ql.
Starting evaluation of codeql/javascript-queries/Security/CWE-073/TemplateObjectInjection.ql.
Starting evaluation of codeql/javascript-queries/Security/CWE-078/CommandInjection.ql.
Starting evaluation of codeql/javascript-queries/Security/CWE-078/IndirectCommandInjection.ql.
Starting evaluation of codeql/javascript-queries/Security/CWE-078/SecondOrderCommandInjection.ql.
Starting evaluation of codeql/javascript-queries/Security/CWE-078/ShellCommandInjectionFromEnvironment.ql.
[103/202 eval 1.3s] Evaluation done; writing results to codeql/javascript-queries/Security/CWE-022/ZipSlip.bqrs.
[104/202 eval 1.7s] Evaluation done; writing results to codeql/javascript-queries/Security/CWE-073/TemplateObjectInjection.bqrs.
[105/202 eval 1.7s] Evaluation done; writing results to codeql/javascript-queries/Security/CWE-078/CommandInjection.bqrs.
Starting evaluation of codeql/javascript-queries/Security/CWE-078/UnsafeShellCommandConstruction.ql.
[106/202 eval 24ms] Evaluation done; writing results to codeql/javascript-queries/Security/CWE-078/UnsafeShellCommandConstruction.bqrs.
Starting evaluation of codeql/javascript-queries/Security/CWE-078/UselessUseOfCat.ql.
Starting evaluation of codeql/javascript-queries/Security/CWE-079/ExceptionXss.ql.
Starting evaluation of codeql/javascript-queries/Security/CWE-079/ReflectedXss.ql.
[107/202 eval 2.1s] Evaluation done; writing results to codeql/javascript-queries/Security/CWE-078/IndirectCommandInjection.bqrs.
[108/202 eval 697ms] Evaluation done; writing results to codeql/javascript-queries/Security/CWE-078/UselessUseOfCat.bqrs.
Starting evaluation of codeql/javascript-queries/Security/CWE-079/StoredXss.ql.
[109/202 eval 2s] Evaluation done; writing results to codeql/javascript-queries/Security/CWE-078/ShellCommandInjectionFromEnvironment.bqrs.
Starting evaluation of codeql/javascript-queries/Security/CWE-079/UnsafeHtmlConstruction.ql.
[110/202 eval 2.7s] Evaluation done; writing results to codeql/javascript-queries/Security/CWE-078/SecondOrderCommandInjection.bqrs.
[111/202 eval 1.6s] Evaluation done; writing results to codeql/javascript-queries/Security/CWE-079/ReflectedXss.bqrs.
[112/202 eval 11.3s] Evaluation done; writing results to codeql/javascript-queries/Performance/PolynomialReDoS.bqrs.
Starting evaluation of codeql/javascript-queries/Security/CWE-079/UnsafeJQueryPlugin.ql.
Starting evaluation of codeql/javascript-queries/Security/CWE-079/Xss.ql.
Starting evaluation of codeql/javascript-queries/Security/CWE-079/XssThroughDom.ql.
[113/202 eval 9.4s] Evaluation done; writing results to codeql/javascript-queries/Security/CWE-022/TaintedPath.bqrs.
Starting evaluation of codeql/javascript-queries/Security/CWE-089/SqlInjection.ql.
Starting evaluation of codeql/javascript-queries/Security/CWE-094/CodeInjection.ql.
Starting evaluation of codeql/javascript-queries/Security/CWE-094/ImproperCodeSanitization.ql.
[114/202 eval 2.8s] Evaluation done; writing results to codeql/javascript-queries/Security/CWE-079/StoredXss.bqrs.
[115/202 eval 1.2s] Evaluation done; writing results to codeql/javascript-queries/Security/CWE-094/ImproperCodeSanitization.bqrs.
[116/202 eval 1.8s] Evaluation done; writing results to codeql/javascript-queries/Security/CWE-089/SqlInjection.bqrs.
[117/202 eval 3.7s] Evaluation done; writing results to codeql/javascript-queries/Security/CWE-079/UnsafeHtmlConstruction.bqrs.
Starting evaluation of codeql/javascript-queries/Security/CWE-094/UnsafeCodeConstruction.ql.
Starting evaluation of codeql/javascript-queries/Security/CWE-094/UnsafeDynamicMethodAccess.ql.
[118/202 eval 8ms] Evaluation done; writing results to codeql/javascript-queries/Security/CWE-094/UnsafeCodeConstruction.bqrs.
Starting evaluation of codeql/javascript-queries/Security/CWE-1004/ClientExposedCookie.ql.
[119/202 eval 2.6s] Evaluation done; writing results to codeql/javascript-queries/Security/CWE-094/CodeInjection.bqrs.
[120/202 eval 5.5s] Evaluation done; writing results to codeql/javascript-queries/Security/CWE-079/ExceptionXss.bqrs.
Starting evaluation of codeql/javascript-queries/Security/CWE-116/BadTagFilter.ql.
Starting evaluation of codeql/javascript-queries/Security/CWE-116/DoubleEscaping.ql.
Starting evaluation of codeql/javascript-queries/Security/CWE-116/IncompleteHtmlAttributeSanitization.ql.
Starting evaluation of codeql/javascript-queries/Security/CWE-116/IncompleteMultiCharacterSanitization.ql.
[121/202 eval 3.5s] Evaluation done; writing results to codeql/javascript-queries/Security/CWE-079/UnsafeJQueryPlugin.bqrs.
[122/202 eval 421ms] Evaluation done; writing results to codeql/javascript-queries/Security/CWE-116/DoubleEscaping.bqrs.
[123/202 eval 1.3s] Evaluation done; writing results to codeql/javascript-queries/Security/CWE-094/UnsafeDynamicMethodAccess.bqrs.
[124/202 eval 654ms] Evaluation done; writing results to codeql/javascript-queries/Security/CWE-116/BadTagFilter.bqrs.
[125/202 eval 1.3s] Evaluation done; writing results to codeql/javascript-queries/Security/CWE-116/IncompleteHtmlAttributeSanitization.bqrs.
Starting evaluation of codeql/javascript-queries/Security/CWE-116/IncompleteSanitization.ql.
Starting evaluation of codeql/javascript-queries/Security/CWE-116/UnsafeHtmlExpansion.ql.
Starting evaluation of codeql/javascript-queries/Security/CWE-117/LogInjection.ql.
Starting evaluation of codeql/javascript-queries/Security/CWE-1275/SameSiteNoneCookie.ql.
Starting evaluation of codeql/javascript-queries/Security/CWE-134/TaintedFormatString.ql.
Starting evaluation of codeql/javascript-queries/Security/CWE-178/CaseSensitiveMiddlewarePath.ql.
Starting evaluation of codeql/javascript-queries/Security/CWE-200/FileAccessToHttp.ql.
Starting evaluation of codeql/javascript-queries/Security/CWE-200/PrivateFileExposure.ql.
Starting evaluation of codeql/javascript-queries/Security/CWE-201/PostMessageStar.ql.
Starting evaluation of codeql/javascript-queries/Security/CWE-209/StackTraceExposure.ql.
Starting evaluation of codeql/javascript-queries/Security/CWE-295/DisablingCertificateValidation.ql.
Starting evaluation of codeql/javascript-queries/Security/CWE-300/InsecureDependencyResolution.ql.
Starting evaluation of codeql/javascript-queries/Security/CWE-312/BuildArtifactLeak.ql.
Starting evaluation of codeql/javascript-queries/Security/CWE-312/CleartextLogging.ql.
Starting evaluation of codeql/javascript-queries/Security/CWE-312/CleartextStorage.ql.
Starting evaluation of codeql/javascript-queries/Security/CWE-326/InsufficientKeySize.ql.
Starting evaluation of codeql/javascript-queries/Security/CWE-327/BadRandomness.ql.
Starting evaluation of codeql/javascript-queries/Security/CWE-327/BrokenCryptoAlgorithm.ql.
Starting evaluation of codeql/javascript-queries/Security/CWE-338/InsecureRandomness.ql.
Starting evaluation of codeql/javascript-queries/Security/CWE-346/CorsMisconfigurationForCredentials.ql.
Starting evaluation of codeql/javascript-queries/Security/CWE-347/MissingJWTKeyVerification.ql.
Starting evaluation of codeql/javascript-queries/Security/CWE-352/MissingCsrfMiddleware.ql.
Starting evaluation of codeql/javascript-queries/Security/CWE-367/FileSystemRace.ql.
Starting evaluation of codeql/javascript-queries/Security/CWE-377/InsecureTemporaryFile.ql.
Starting evaluation of codeql/javascript-queries/Security/CWE-384/SessionFixation.ql.
Starting evaluation of codeql/javascript-queries/Security/CWE-400/DeepObjectResourceExhaustion.ql.
Starting evaluation of codeql/javascript-queries/Security/CWE-400/RemotePropertyInjection.ql.
Starting evaluation of codeql/javascript-queries/Security/CWE-502/UnsafeDeserialization.ql.
Starting evaluation of codeql/javascript-queries/Security/CWE-506/HardcodedDataInterpretedAsCode.ql.
Starting evaluation of codeql/javascript-queries/Security/CWE-598/SensitiveGetQuery.ql.
Starting evaluation of codeql/javascript-queries/Security/CWE-601/ClientSideUrlRedirect.ql.
Starting evaluation of codeql/javascript-queries/Security/CWE-601/ServerSideUrlRedirect.ql.
Starting evaluation of codeql/javascript-queries/Security/CWE-611/Xxe.ql.
Starting evaluation of codeql/javascript-queries/Security/CWE-614/ClearTextCookie.ql.
Starting evaluation of codeql/javascript-queries/Security/CWE-640/HostHeaderPoisoningInEmailGeneration.ql.
Starting evaluation of codeql/javascript-queries/Security/CWE-643/XpathInjection.ql.
Starting evaluation of codeql/javascript-queries/Security/CWE-693/InsecureHelmet.ql.
Starting evaluation of codeql/javascript-queries/Security/CWE-730/RegExpInjection.ql.
Starting evaluation of codeql/javascript-queries/Security/CWE-730/ServerCrash.ql.
[126/202 eval 1.5s] Evaluation done; writing results to codeql/javascript-queries/Security/CWE-116/IncompleteMultiCharacterSanitization.bqrs.
[127/202 eval 3.2s] Evaluation done; writing results to codeql/javascript-queries/Security/CWE-1004/ClientExposedCookie.bqrs.
[128/202 eval 947ms] Evaluation done; writing results to codeql/javascript-queries/Security/CWE-300/InsecureDependencyResolution.bqrs.
[129/202 eval 1.1s] Evaluation done; writing results to codeql/javascript-queries/Security/CWE-614/ClearTextCookie.bqrs.
[130/202 eval 1.1s] Evaluation done; writing results to codeql/javascript-queries/Security/CWE-1275/SameSiteNoneCookie.bqrs.
[131/202 eval 5.8s] Evaluation done; writing results to codeql/javascript-queries/Security/CWE-079/Xss.bqrs.
[132/202 eval 1.1s] Evaluation done; writing results to codeql/javascript-queries/Security/CWE-178/CaseSensitiveMiddlewarePath.bqrs.
[133/202 eval 1.3s] Evaluation done; writing results to codeql/javascript-queries/Security/CWE-201/PostMessageStar.bqrs.
[134/202 eval 1.6s] Evaluation done; writing results to codeql/javascript-queries/Security/CWE-209/StackTraceExposure.bqrs.
[135/202 eval 1.7s] Evaluation done; writing results to codeql/javascript-queries/Security/CWE-312/BuildArtifactLeak.bqrs.
[136/202 eval 1.8s] Evaluation done; writing results to codeql/javascript-queries/Security/CWE-295/DisablingCertificateValidation.bqrs.
[137/202 eval 1.9s] Evaluation done; writing results to codeql/javascript-queries/Security/CWE-134/TaintedFormatString.bqrs.
[138/202 eval 2.1s] Evaluation done; writing results to codeql/javascript-queries/Security/CWE-327/BadRandomness.bqrs.
[139/202 eval 2.2s] Evaluation done; writing results to codeql/javascript-queries/Security/CWE-117/LogInjection.bqrs.
[140/202 eval 2.2s] Evaluation done; writing results to codeql/javascript-queries/Security/CWE-326/InsufficientKeySize.bqrs.
[141/202 eval 2.2s] Evaluation done; writing results to codeql/javascript-queries/Security/CWE-116/UnsafeHtmlExpansion.bqrs.
[142/202 eval 2.2s] Evaluation done; writing results to codeql/javascript-queries/Security/CWE-200/PrivateFileExposure.bqrs.
[143/202 eval 2.3s] Evaluation done; writing results to codeql/javascript-queries/Security/CWE-347/MissingJWTKeyVerification.bqrs.
[144/202 eval 2.4s] Evaluation done; writing results to codeql/javascript-queries/Security/CWE-116/IncompleteSanitization.bqrs.
[145/202 eval 2.5s] Evaluation done; writing results to codeql/javascript-queries/Security/CWE-346/CorsMisconfigurationForCredentials.bqrs.
[146/202 eval 2.5s] Evaluation done; writing results to codeql/javascript-queries/Security/CWE-352/MissingCsrfMiddleware.bqrs.
[147/202 eval 2.5s] Evaluation done; writing results to codeql/javascript-queries/Security/CWE-200/FileAccessToHttp.bqrs.
[148/202 eval 2.6s] Evaluation done; writing results to codeql/javascript-queries/Security/CWE-327/BrokenCryptoAlgorithm.bqrs.
[149/202 eval 2.6s] Evaluation done; writing results to codeql/javascript-queries/Security/CWE-384/SessionFixation.bqrs.
[150/202 eval 2.8s] Evaluation done; writing results to codeql/javascript-queries/Security/CWE-400/DeepObjectResourceExhaustion.bqrs.
[151/202 eval 2.9s] Evaluation done; writing results to codeql/javascript-queries/Security/CWE-367/FileSystemRace.bqrs.
[152/202 eval 2.9s] Evaluation done; writing results to codeql/javascript-queries/Security/CWE-377/InsecureTemporaryFile.bqrs.
[153/202 eval 3s] Evaluation done; writing results to codeql/javascript-queries/Security/CWE-598/SensitiveGetQuery.bqrs.
[154/202 eval 3.2s] Evaluation done; writing results to codeql/javascript-queries/Security/CWE-502/UnsafeDeserialization.bqrs.
[155/202 eval 3.2s] Evaluation done; writing results to codeql/javascript-queries/Security/CWE-611/Xxe.bqrs.
[156/202 eval 3.4s] Evaluation done; writing results to codeql/javascript-queries/Security/CWE-643/XpathInjection.bqrs.
[157/202 eval 3.4s] Evaluation done; writing results to codeql/javascript-queries/Security/CWE-640/HostHeaderPoisoningInEmailGeneration.bqrs.
[158/202 eval 3.8s] Evaluation done; writing results to codeql/javascript-queries/Security/CWE-601/ServerSideUrlRedirect.bqrs.
[159/202 eval 3.8s] Evaluation done; writing results to codeql/javascript-queries/Security/CWE-693/InsecureHelmet.bqrs.
[160/202 eval 4.1s] Evaluation done; writing results to codeql/javascript-queries/Security/CWE-730/ServerCrash.bqrs.
[161/202 eval 4.4s] Evaluation done; writing results to codeql/javascript-queries/Security/CWE-506/HardcodedDataInterpretedAsCode.bqrs.
[162/202 eval 4.7s] Evaluation done; writing results to codeql/javascript-queries/Security/CWE-730/RegExpInjection.bqrs.
[163/202 eval 12.2s] Evaluation done; writing results to codeql/javascript-queries/Security/CWE-079/XssThroughDom.bqrs.
[164/202 eval 7.9s] Evaluation done; writing results to codeql/javascript-queries/Security/CWE-312/CleartextStorage.bqrs.
[165/202 eval 8.2s] Evaluation done; writing results to codeql/javascript-queries/Security/CWE-400/RemotePropertyInjection.bqrs.
Starting evaluation of codeql/javascript-queries/Security/CWE-754/UnvalidatedDynamicMethodCall.ql.
Starting evaluation of codeql/javascript-queries/Security/CWE-770/MissingRateLimiting.ql.
Starting evaluation of codeql/javascript-queries/Security/CWE-770/ResourceExhaustion.ql.
Starting evaluation of codeql/javascript-queries/Security/CWE-776/XmlBomb.ql.
[166/202 eval 124ms] Evaluation done; writing results to codeql/javascript-queries/Security/CWE-776/XmlBomb.bqrs.
[167/202 eval 161ms] Evaluation done; writing results to codeql/javascript-queries/Security/CWE-770/MissingRateLimiting.bqrs.
Starting evaluation of codeql/javascript-queries/Security/CWE-807/ConditionalBypass.ql.
Starting evaluation of codeql/javascript-queries/Security/CWE-829/InsecureDownload.ql.
Starting evaluation of codeql/javascript-queries/Security/CWE-830/FunctionalityFromUntrustedDomain.ql.
Starting evaluation of codeql/javascript-queries/Security/CWE-830/FunctionalityFromUntrustedSource.ql.
Starting evaluation of codeql/javascript-queries/Security/CWE-834/LoopBoundInjection.ql.
Starting evaluation of codeql/javascript-queries/Security/CWE-843/TypeConfusionThroughParameterTampering.ql.
[168/202 eval 20ms] Evaluation done; writing results to codeql/javascript-queries/Security/CWE-834/LoopBoundInjection.bqrs.
[169/202 eval 48ms] Evaluation done; writing results to codeql/javascript-queries/Security/CWE-843/TypeConfusionThroughParameterTampering.bqrs.
Starting evaluation of codeql/javascript-queries/Security/CWE-862/EmptyPasswordInConfigurationFile.ql.
Starting evaluation of codeql/javascript-queries/Security/CWE-912/HttpToFileAccess.ql.
[170/202 eval 136ms] Evaluation done; writing results to codeql/javascript-queries/Security/CWE-830/FunctionalityFromUntrustedDomain.bqrs.
[171/202 eval 140ms] Evaluation done; writing results to codeql/javascript-queries/Security/CWE-830/FunctionalityFromUntrustedSource.bqrs.
[172/202 eval 196ms] Evaluation done; writing results to codeql/javascript-queries/Security/CWE-912/HttpToFileAccess.bqrs.
[173/202 eval 9.5s] Evaluation done; writing results to codeql/javascript-queries/Security/CWE-338/InsecureRandomness.bqrs.
Starting evaluation of codeql/javascript-queries/Security/CWE-915/PrototypePollutingAssignment.ql.
[174/202 eval 1.1s] Evaluation done; writing results to codeql/javascript-queries/Security/CWE-770/ResourceExhaustion.bqrs.
[175/202 eval 9.9s] Evaluation done; writing results to codeql/javascript-queries/Security/CWE-312/CleartextLogging.bqrs.
Starting evaluation of codeql/javascript-queries/Security/CWE-915/PrototypePollutingFunction.ql.
Starting evaluation of codeql/javascript-queries/Security/CWE-915/PrototypePollutingMergeCall.ql.
Starting evaluation of codeql/javascript-queries/Security/CWE-916/InsufficientPasswordHash.ql.
Starting evaluation of codeql/javascript-queries/Security/CWE-918/ClientSideRequestForgery.ql.
Starting evaluation of codeql/javascript-queries/Security/CWE-918/RequestForgery.ql.
Starting evaluation of codeql/javascript-queries/Security/CWE-942/CorsPermissiveConfiguration.ql.
Starting evaluation of codeql/javascript-queries/Statements/DanglingElse.ql.
Starting evaluation of codeql/javascript-queries/Statements/IgnoreArrayResult.ql.
Starting evaluation of codeql/javascript-queries/Statements/InconsistentLoopOrientation.ql.
Starting evaluation of codeql/javascript-queries/Statements/LabelInCase.ql.
[176/202 eval 176ms] Evaluation done; writing results to codeql/javascript-queries/Security/CWE-942/CorsPermissiveConfiguration.bqrs.
[177/202 eval 1s] Evaluation done; writing results to codeql/javascript-queries/Security/CWE-829/InsecureDownload.bqrs.
[178/202 eval 234ms] Evaluation done; writing results to codeql/javascript-queries/Statements/InconsistentLoopOrientation.bqrs.
[179/202 eval 526ms] Evaluation done; writing results to codeql/javascript-queries/Security/CWE-915/PrototypePollutingMergeCall.bqrs.
[180/202 eval 549ms] Evaluation done; writing results to codeql/javascript-queries/Security/CWE-916/InsufficientPasswordHash.bqrs.
[181/202 eval 604ms] Evaluation done; writing results to codeql/javascript-queries/Statements/LabelInCase.bqrs.
[182/202 eval 708ms] Evaluation done; writing results to codeql/javascript-queries/Statements/IgnoreArrayResult.bqrs.
[183/202 eval 1.5s] Evaluation done; writing results to codeql/javascript-queries/Security/CWE-807/ConditionalBypass.bqrs.
Starting evaluation of codeql/javascript-queries/Statements/LoopIterationSkippedDueToShifting.ql.
[184/202 eval 1.5s] Evaluation done; writing results to codeql/javascript-queries/Security/CWE-862/EmptyPasswordInConfigurationFile.bqrs.
[185/202 eval 11.4s] Evaluation done; writing results to codeql/javascript-queries/Security/CWE-601/ClientSideUrlRedirect.bqrs.
Starting evaluation of codeql/javascript-queries/Statements/MisleadingIndentationAfterControlStmt.ql.
Starting evaluation of codeql/javascript-queries/Statements/ReturnAssignsLocal.ql.
Starting evaluation of codeql/javascript-queries/Statements/SuspiciousUnusedLoopIterationVariable.ql.
[186/202 eval 1.6s] Evaluation done; writing results to codeql/javascript-queries/Statements/DanglingElse.bqrs.
[187/202 eval 114ms] Evaluation done; writing results to codeql/javascript-queries/Statements/ReturnAssignsLocal.bqrs.
Starting evaluation of codeql/javascript-queries/Statements/UnreachableStatement.ql.
Starting evaluation of codeql/javascript-queries/Statements/UseOfReturnlessFunction.ql.
Starting evaluation of codeql/javascript-queries/Statements/UselessComparisonTest.ql.
Starting evaluation of codeql/javascript-queries/Statements/UselessConditional.ql.
[188/202 eval 274ms] Evaluation done; writing results to codeql/javascript-queries/Statements/SuspiciousUnusedLoopIterationVariable.bqrs.
[189/202 eval 355ms] Evaluation done; writing results to codeql/javascript-queries/Statements/MisleadingIndentationAfterControlStmt.bqrs.
[190/202 eval 2.2s] Evaluation done; writing results to codeql/javascript-queries/Security/CWE-918/RequestForgery.bqrs.
Starting evaluation of codeql/javascript-queries/Summary/LinesOfCode.ql.
Starting evaluation of codeql/javascript-queries/Summary/LinesOfUserCode.ql.
[191/202 eval 65ms] Evaluation done; writing results to codeql/javascript-queries/Summary/LinesOfCode.bqrs.
[192/202 eval 3.7s] Evaluation done; writing results to codeql/javascript-queries/Security/CWE-754/UnvalidatedDynamicMethodCall.bqrs.
[193/202 eval 1.8s] Evaluation done; writing results to codeql/javascript-queries/Statements/LoopIterationSkippedDueToShifting.bqrs.
[194/202 eval 1.6s] Evaluation done; writing results to codeql/javascript-queries/Statements/UselessComparisonTest.bqrs.
[195/202 eval 3.3s] Evaluation done; writing results to codeql/javascript-queries/Security/CWE-918/ClientSideRequestForgery.bqrs.
[196/202 eval 1.7s] Evaluation done; writing results to codeql/javascript-queries/Statements/UseOfReturnlessFunction.bqrs.
[197/202 eval 1.7s] Evaluation done; writing results to codeql/javascript-queries/Statements/UnreachableStatement.bqrs.
[198/202 eval 3.8s] Evaluation done; writing results to codeql/javascript-queries/Security/CWE-915/PrototypePollutingFunction.bqrs.
[199/202 eval 2.5s] Evaluation done; writing results to codeql/javascript-queries/Statements/UselessConditional.bqrs.
Starting evaluation of codeql/javascript-queries/Vue/ArrowMethodOnVueInstance.ql.
[200/202 eval 2s] Evaluation done; writing results to codeql/javascript-queries/Summary/LinesOfUserCode.bqrs.
[201/202 eval 23ms] Evaluation done; writing results to codeql/javascript-queries/Vue/ArrowMethodOnVueInstance.bqrs.
[202/202 eval 5.7s] Evaluation done; writing results to codeql/javascript-queries/Security/CWE-915/PrototypePollutingAssignment.bqrs.
Shutting down query evaluator.
Interpreting results.
CodeQL scanned 360 out of 360 JavaScript/TypeScript files and 18 out of 18 GitHub Actions files in this invocation. Typically CodeQL is configured to analyze a single CodeQL language per invocation, so check other invocations to determine overall coverage information.
[CodeQL] Done javascript, SARIF = /home/test/Data/SECURITY-10-10-v4/out_ci/VSP_CI_20251220_222348/codeql/codeql_js.sarif
[CodeQL] Analyze python -> /home/test/Data/SECURITY-10-10-v4/out_ci/VSP_CI_20251220_222348/codeql/codeql_py.sarif
Running queries.
A fatal error occurred: Error initializing the IMB disk cache: the cache directory is already locked by another running process. Only one instance of the IMB can access a cache directory at a time. The lock file is located at /home/test/Data/SECURITY-10-10-v4/_codeql_db/python/db-python/default/cache/.lock
(eventual cause: OverlappingFileLockException)
[CodeQL][WARN] Analyze python lỗi, vẫn tiếp tục các ngôn ngữ khác.
[CodeQL][INFO] Không tìm thấy DB cho csharp tại /home/test/Data/SECURITY-10-10-v4/_codeql_db/csharp, bỏ qua ngôn ngữ này.
[CodeQL] Done.
[CODEQL][FALLBACK] create codeql_summary.json (missing)
[CODEQL] wrote /home/test/Data/SECURITY-10-10-v4/out_ci/VSP_CI_20251220_222348/codeql/codeql_summary.json
[RAW_BACKFILL] BANDIT generating raw -> /home/test/Data/SECURITY-10-10-v4/out_ci/VSP_CI_20251220_222348/bandit/bandit.json
[RAW_BACKFILL] BANDIT raw OK: /home/test/Data/SECURITY-10-10-v4/out_ci/VSP_CI_20251220_222348/bandit/bandit.json
[RAW_BACKFILL] done
===== [GATE_POLICY] commercial verdict (SECURITY-only + degraded) =====
[ERR] cannot find findings file in run_dir
===== [POLICY_POST] policy_group + quality demote (commercial v2) =====
[ERR] missing /home/test/Data/SECURITY-10-10-v4/out_ci/VSP_CI_20251220_222348/findings_unified_commercial.json
[VSP][GATEPOLICY_STUB] wrote /home/test/Data/SECURITY-10-10-v4/out_ci/VSP_CI_20251220_222348/gate_policy.json
[OK] wrote /home/test/Data/SECURITY-10-10-v4/out_ci/VSP_CI_20251220_222348/findings_unified.json
[OK] wrote /home/test/Data/SECURITY-10-10-v4/out_ci/VSP_CI_20251220_222348/findings_unified_commercial.json (copy)
[RUN_GATE] autogate(TRAP): build run_gate_summary.json out_dir=/home/test/Data/SECURITY-10-10-v4/out_ci/VSP_CI_20251220_222348
[RUN_GATE][OK] overall=RED tools=['SEMGREP', 'TRIVY', 'KICS', 'GITLEAKS', 'CODEQL']
[RUN_GATE] OK wrote /home/test/Data/SECURITY-10-10-v4/out_ci/VSP_CI_20251220_222348/run_gate_summary.json
[VSP_CI_GATE] Runner kết thúc với RC=0
[VSP_CI_GATE] [VSP_CI_GATE] Runner RC normalize: raw=0 -> rc=0 degraded=0
[VSP_CI_GATE] Không thấy /home/test/Data/SECURITY-10-10-v4/out_ci/VSP_CI_20251220_222348/report/summary_unified.json, thử gọi engine unify BE để build báo cáo thương mại...
[VSP_CI_GATE] WARN: Không tìm thấy script unify: /home/test/Data/bin/vsp_unify_from_run_dir_v1.sh
[VSP_CI_GATE]       (Set ENV VSP_UNIFY_SCRIPT để trỏ đúng engine unify BE đang dùng).
[VSP_CI_GATE] WARN: Không tìm thấy /home/test/Data/SECURITY-10-10-v4/out_ci/VSP_CI_20251220_222348/report/summary_unified.json – bỏ qua phần gate theo severity.
[VSP_CI_GATE]       Kiểm tra lại unify trong runner hoặc script unify BE.
[VSP_CI_OUTER] Gate core kết thúc với mã trả về: 0
[VSP_CI_SUMMARY] ERROR: Không tìm thấy /home/test/Data/SECURITY-10-10-v4/out_ci/VSP_CI_20251220_222348/report/summary_unified.json
[VSP_CI_OUTER] === VSP CI OUTER: THÀNH CÔNG (RC=0) ===
