[VSP_CI_OUTER] REPO_ROOT  = /home/test/Data/SECURITY-10-10-v4
[VSP_CI_OUTER] SCRIPT_DIR = /home/test/Data/SECURITY-10-10-v4/ci/VSP_CI_OUTER
[VSP_CI_OUTER] BUNDLE_ROOT= /home/test/Data/SECURITY_BUNDLE
[VSP_CI_OUTER] SRC_ROOT   = /home/test/Data/SECURITY-10-10-v4
[VSP_CI_OUTER] RUN_ID     = VSP_CI_20251213_113430
[VSP_CI_OUTER] RUN_DIR    = /home/test/Data/SECURITY-10-10-v4/out_ci/VSP_CI_20251213_113430
[VSP_CI_OUTER] === VSP CI OUTER BẮT ĐẦU ===
[VSP_CI_OUTER] Gọi gate core: /home/test/Data/SECURITY-10-10-v4/ci/VSP_CI_OUTER/vsp_ci_gate_core_v1.sh
[VSP_CI_GATE] BUNDLE_ROOT = /home/test/Data/SECURITY_BUNDLE
[VSP_CI_GATE] SRC_ROOT    = /home/test/Data/SECURITY-10-10-v4
[VSP_CI_GATE] RUN_DIR     = /home/test/Data/SECURITY-10-10-v4/out_ci/VSP_CI_20251213_113430
[VSP_CI_GATE] RUN_ID      = VSP_CI_20251213_113430
[VSP_CI_GATE] RUNNER      = /home/test/Data/SECURITY_BUNDLE/bin/run_all_tools_v2.sh
[VSP_CI_GATE] === CHẠY RUNNER VSP (FULL SCAN) ===
[VSP_CI_GATE] Cmd: /home/test/Data/SECURITY_BUNDLE/bin/run_all_tools_v2.sh "/home/test/Data/SECURITY-10-10-v4" "/home/test/Data/SECURITY-10-10-v4/out_ci/VSP_CI_20251213_113430"
/home/test/Data/SECURITY_BUNDLE/bin/run_all_tools_v2.sh: dòng 148: có lỗi cú pháp ở gần thẻ bài bất thường “}”
[VSP_CI_GATE] Runner kết thúc với RC=2
[VSP_CI_GATE] [VSP_CI_GATE] Runner RC normalize: raw=0 -> rc=0 degraded=0
[VSP_CI_GATE] Không thấy /home/test/Data/SECURITY-10-10-v4/out_ci/VSP_CI_20251213_113430/report/summary_unified.json, thử gọi engine unify BE để build báo cáo thương mại...
[VSP_CI_GATE] UNIFY_SCRIPT = /home/test/Data/SECURITY_BUNDLE/bin/vsp_unify_from_run_dir_v1.sh
[VSP_CI_GATE] Gọi unify với RUN_DIR = /home/test/Data/SECURITY-10-10-v4/out_ci/VSP_CI_20251213_113430
[VSP_UNIFY_CI] ROOT      = /home/test/Data/SECURITY_BUNDLE
[VSP_UNIFY_CI] RUN_DIR   = /home/test/Data/SECURITY-10-10-v4/out_ci/VSP_CI_20251213_113430
[VSP_UNIFY_CI] PY_SCRIPT = /home/test/Data/SECURITY_BUNDLE/bin/vsp_unify_from_run_dir_v1.py
/home/test/Data/SECURITY_BUNDLE/bin/vsp_unify_from_run_dir_v1.sh: dòng 32: python: không tìm thấy lệnh
[VSP_CI_GATE] Unify kết thúc với RC=127
[VSP_CI_GATE] WARN: Không tìm thấy /home/test/Data/SECURITY-10-10-v4/out_ci/VSP_CI_20251213_113430/report/summary_unified.json – bỏ qua phần gate theo severity.
[VSP_CI_GATE]       Kiểm tra lại unify trong runner hoặc script unify BE.
[VSP_CI_OUTER] Gate core kết thúc với mã trả về: 2
[VSP_CI_SUMMARY] ERROR: Không tìm thấy /home/test/Data/SECURITY-10-10-v4/out_ci/VSP_CI_20251213_113430/report/summary_unified.json
[VSP_CI_OUTER] === VSP CI OUTER: THẤT BẠI (RC=1) ===
